# JRE version: Java(TM) SE Runtime Environment (8.0_161-b12) (build 1.8.0_161-b12)
# Java VM: Java HotSpot(TM) 64-Bit Server VM (25.161-b12 mixed mode linux-amd64 compressed oops)
Heap:
 PSYoungGen      total 134656K, used 7660K [0x00000000ebf00000, 0x00000000f4a00000, 0x0000000100000000)
  eden space 126976K, 0% used [0x00000000ebf00000,0x00000000ebf00000,0x00000000f3b00000)
  from space 7680K, 99% used [0x00000000f3b00000,0x00000000f427b2b8,0x00000000f4280000)
  to   space 7168K, 0% used [0x00000000f4300000,0x00000000f4300000,0x00000000f4a00000)
 ParOldGen       total 28672K, used 6200K [0x00000000c3c00000, 0x00000000c5800000, 0x00000000ebf00000)
  object space 28672K, 21% used [0x00000000c3c00000,0x00000000c420e208,0x00000000c5800000)
 Metaspace       used 26056K, capacity 27600K, committed 27648K, reserved 1073152K
  class space    used 3468K, capacity 3794K, committed 3840K, reserved 1048576K
GC Heap History (10 events):
Event: 4,805 GC heap after
Heap after GC invocations=3 (full 0):
 PSYoungGen      total 34304K, used 2551K [0x00000000ebf00000, 0x00000000f0200000, 0x0000000100000000)
  eden space 31744K, 0% used [0x00000000ebf00000,0x00000000ebf00000,0x00000000ede00000)
  from space 2560K, 99% used [0x00000000ede00000,0x00000000ee07dce0,0x00000000ee080000)
  to   space 2560K, 0% used [0x00000000eff80000,0x00000000eff80000,0x00000000f0200000)
 ParOldGen       total 42496K, used 2735K [0x00000000c3c00000, 0x00000000c6580000, 0x00000000ebf00000)
  object space 42496K, 6% used [0x00000000c3c00000,0x00000000c3eabe20,0x00000000c6580000)
 Metaspace       used 12400K, capacity 13322K, committed 13568K, reserved 1060864K
  class space    used 1572K, capacity 1761K, committed 1792K, reserved 1048576K
}
Event: 5,907 GC heap before
{Heap before GC invocations=4 (full 0):
 PSYoungGen      total 34304K, used 34295K [0x00000000ebf00000, 0x00000000f0200000, 0x0000000100000000)
  eden space 31744K, 100% used [0x00000000ebf00000,0x00000000ede00000,0x00000000ede00000)
  from space 2560K, 99% used [0x00000000ede00000,0x00000000ee07dce0,0x00000000ee080000)
  to   space 2560K, 0% used [0x00000000eff80000,0x00000000eff80000,0x00000000f0200000)
 ParOldGen       total 42496K, used 2735K [0x00000000c3c00000, 0x00000000c6580000, 0x00000000ebf00000)
  object space 42496K, 6% used [0x00000000c3c00000,0x00000000c3eabe20,0x00000000c6580000)
 Metaspace       used 15194K, capacity 16282K, committed 16512K, reserved 1062912K
  class space    used 1938K, capacity 2153K, committed 2176K, reserved 1048576K
Event: 5,940 GC heap after
Heap after GC invocations=4 (full 0):
 PSYoungGen      total 66048K, used 2551K [0x00000000ebf00000, 0x00000000f0200000, 0x0000000100000000)
  eden space 63488K, 0% used [0x00000000ebf00000,0x00000000ebf00000,0x00000000efd00000)
  from space 2560K, 99% used [0x00000000eff80000,0x00000000f01fdce0,0x00000000f0200000)
  to   space 2560K, 0% used [0x00000000efd00000,0x00000000efd00000,0x00000000eff80000)
 ParOldGen       total 42496K, used 5368K [0x00000000c3c00000, 0x00000000c6580000, 0x00000000ebf00000)
  object space 42496K, 12% used [0x00000000c3c00000,0x00000000c413e198,0x00000000c6580000)
 Metaspace       used 15194K, capacity 16282K, committed 16512K, reserved 1062912K
  class space    used 1938K, capacity 2153K, committed 2176K, reserved 1048576K
}
Event: 8,068 GC heap before
{Heap before GC invocations=5 (full 0):
 PSYoungGen      total 66048K, used 66039K [0x00000000ebf00000, 0x00000000f0200000, 0x0000000100000000)
  eden space 63488K, 100% used [0x00000000ebf00000,0x00000000efd00000,0x00000000efd00000)
  from space 2560K, 99% used [0x00000000eff80000,0x00000000f01fdce0,0x00000000f0200000)
  to   space 2560K, 0% used [0x00000000efd00000,0x00000000efd00000,0x00000000eff80000)
 ParOldGen       total 42496K, used 5368K [0x00000000c3c00000, 0x00000000c6580000, 0x00000000ebf00000)
  object space 42496K, 12% used [0x00000000c3c00000,0x00000000c413e198,0x00000000c6580000)
 Metaspace       used 19548K, capacity 20830K, committed 20864K, reserved 1067008K
  class space    used 2667K, capacity 2935K, committed 2944K, reserved 1048576K
Event: 8,115 GC heap after
Heap after GC invocations=5 (full 0):
 PSYoungGen      total 66048K, used 2533K [0x00000000ebf00000, 0x00000000f4b00000, 0x0000000100000000)
  eden space 63488K, 0% used [0x00000000ebf00000,0x00000000ebf00000,0x00000000efd00000)
  from space 2560K, 98% used [0x00000000efd00000,0x00000000eff794e0,0x00000000eff80000)
  to   space 8192K, 0% used [0x00000000f4300000,0x00000000f4300000,0x00000000f4b00000)
 ParOldGen       total 42496K, used 9925K [0x00000000c3c00000, 0x00000000c6580000, 0x00000000ebf00000)
  object space 42496K, 23% used [0x00000000c3c00000,0x00000000c45b14c8,0x00000000c6580000)
 Metaspace       used 19548K, capacity 20830K, committed 20864K, reserved 1067008K
  class space    used 2667K, capacity 2935K, committed 2944K, reserved 1048576K
}
Event: 8,198 GC heap before
{Heap before GC invocations=6 (full 0):
 PSYoungGen      total 66048K, used 6995K [0x00000000ebf00000, 0x00000000f4b00000, 0x0000000100000000)
  eden space 63488K, 7% used [0x00000000ebf00000,0x00000000ec35b740,0x00000000efd00000)
  from space 2560K, 98% used [0x00000000efd00000,0x00000000eff794e0,0x00000000eff80000)
  to   space 8192K, 0% used [0x00000000f4300000,0x00000000f4300000,0x00000000f4b00000)
 ParOldGen       total 42496K, used 9925K [0x00000000c3c00000, 0x00000000c6580000, 0x00000000ebf00000)
  object space 42496K, 23% used [0x00000000c3c00000,0x00000000c45b14c8,0x00000000c6580000)
 Metaspace       used 19859K, capacity 21110K, committed 21248K, reserved 1067008K
  class space    used 2711K, capacity 2979K, committed 3072K, reserved 1048576K
Event: 8,219 GC heap after
Heap after GC invocations=6 (full 0):
 PSYoungGen      total 134144K, used 2940K [0x00000000ebf00000, 0x00000000f4a00000, 0x0000000100000000)
  eden space 126976K, 0% used [0x00000000ebf00000,0x00000000ebf00000,0x00000000f3b00000)
  from space 7168K, 41% used [0x00000000f4300000,0x00000000f45df160,0x00000000f4a00000)
  to   space 7680K, 0% used [0x00000000f3b00000,0x00000000f3b00000,0x00000000f4280000)
 ParOldGen       total 42496K, used 9925K [0x00000000c3c00000, 0x00000000c6580000, 0x00000000ebf00000)
  object space 42496K, 23% used [0x00000000c3c00000,0x00000000c45b14c8,0x00000000c6580000)
 Metaspace       used 19859K, capacity 21110K, committed 21248K, reserved 1067008K
  class space    used 2711K, capacity 2979K, committed 3072K, reserved 1048576K
}
Event: 8,219 GC heap before
{Heap before GC invocations=7 (full 1):
 PSYoungGen      total 134144K, used 2940K [0x00000000ebf00000, 0x00000000f4a00000, 0x0000000100000000)
  eden space 126976K, 0% used [0x00000000ebf00000,0x00000000ebf00000,0x00000000f3b00000)
  from space 7168K, 41% used [0x00000000f4300000,0x00000000f45df160,0x00000000f4a00000)
  to   space 7680K, 0% used [0x00000000f3b00000,0x00000000f3b00000,0x00000000f4280000)
 ParOldGen       total 42496K, used 9925K [0x00000000c3c00000, 0x00000000c6580000, 0x00000000ebf00000)
  object space 42496K, 23% used [0x00000000c3c00000,0x00000000c45b14c8,0x00000000c6580000)
 Metaspace       used 19859K, capacity 21110K, committed 21248K, reserved 1067008K
  class space    used 2711K, capacity 2979K, committed 3072K, reserved 1048576K
Event: 8,317 GC heap after
Heap after GC invocations=7 (full 1):
 PSYoungGen      total 134144K, used 0K [0x00000000ebf00000, 0x00000000f4a00000, 0x0000000100000000)
  eden space 126976K, 0% used [0x00000000ebf00000,0x00000000ebf00000,0x00000000f3b00000)
  from space 7168K, 0% used [0x00000000f4300000,0x00000000f4300000,0x00000000f4a00000)
  to   space 7680K, 0% used [0x00000000f3b00000,0x00000000f3b00000,0x00000000f4280000)
 ParOldGen       total 28672K, used 5076K [0x00000000c3c00000, 0x00000000c5800000, 0x00000000ebf00000)
  object space 28672K, 17% used [0x00000000c3c00000,0x00000000c40f51c0,0x00000000c5800000)
 Metaspace       used 19859K, capacity 21110K, committed 21248K, reserved 1067008K
  class space    used 2711K, capacity 2979K, committed 3072K, reserved 1048576K
}
Event: 17,052 GC heap before
{Heap before GC invocations=8 (full 1):
 PSYoungGen      total 134144K, used 126976K [0x00000000ebf00000, 0x00000000f4a00000, 0x0000000100000000)
  eden space 126976K, 100% used [0x00000000ebf00000,0x00000000f3b00000,0x00000000f3b00000)
  from space 7168K, 0% used [0x00000000f4300000,0x00000000f4300000,0x00000000f4a00000)
  to   space 7680K, 0% used [0x00000000f3b00000,0x00000000f3b00000,0x00000000f4280000)
 ParOldGen       total 28672K, used 5076K [0x00000000c3c00000, 0x00000000c5800000, 0x00000000ebf00000)
  object space 28672K, 17% used [0x00000000c3c00000,0x00000000c40f51c0,0x00000000c5800000)
 Metaspace       used 26056K, capacity 27600K, committed 27648K, reserved 1073152K
  class space    used 3468K, capacity 3794K, committed 3840K, reserved 1048576K

