# JRE version: Java(TM) SE Runtime Environment (8.0_161-b12) (build 1.8.0_161-b12)
# Java VM: Java HotSpot(TM) 64-Bit Server VM (25.161-b12 mixed mode linux-amd64 compressed oops)
Heap:
 PSYoungGen      total 134656K, used 7677K [0x00000000ebf00000, 0x00000000f4a00000, 0x0000000100000000)
  eden space 126976K, 0% used [0x00000000ebf00000,0x00000000ebf00000,0x00000000f3b00000)
  from space 7680K, 99% used [0x00000000f3b00000,0x00000000f427f400,0x00000000f4280000)
  to   space 7168K, 0% used [0x00000000f4300000,0x00000000f4300000,0x00000000f4a00000)
 ParOldGen       total 38400K, used 13263K [0x00000000c3c00000, 0x00000000c6180000, 0x00000000ebf00000)
  object space 38400K, 34% used [0x00000000c3c00000,0x00000000c48f3c20,0x00000000c6180000)
 Metaspace       used 26044K, capacity 27600K, committed 27648K, reserved 1073152K
  class space    used 3470K, capacity 3794K, committed 3840K, reserved 1048576K
GC Heap History (10 events):
Event: 3,258 GC heap after
Heap after GC invocations=3 (full 0):
 PSYoungGen      total 34304K, used 2535K [0x00000000ebf00000, 0x00000000f0200000, 0x0000000100000000)
  eden space 31744K, 0% used [0x00000000ebf00000,0x00000000ebf00000,0x00000000ede00000)
  from space 2560K, 99% used [0x00000000ede00000,0x00000000ee079cd0,0x00000000ee080000)
  to   space 2560K, 0% used [0x00000000eff80000,0x00000000eff80000,0x00000000f0200000)
 ParOldGen       total 42496K, used 2683K [0x00000000c3c00000, 0x00000000c6580000, 0x00000000ebf00000)
  object space 42496K, 6% used [0x00000000c3c00000,0x00000000c3e9ed28,0x00000000c6580000)
 Metaspace       used 12402K, capacity 13320K, committed 13568K, reserved 1060864K
  class space    used 1571K, capacity 1760K, committed 1792K, reserved 1048576K
}
Event: 4,248 GC heap before
{Heap before GC invocations=4 (full 0):
 PSYoungGen      total 34304K, used 34279K [0x00000000ebf00000, 0x00000000f0200000, 0x0000000100000000)
  eden space 31744K, 100% used [0x00000000ebf00000,0x00000000ede00000,0x00000000ede00000)
  from space 2560K, 99% used [0x00000000ede00000,0x00000000ee079cd0,0x00000000ee080000)
  to   space 2560K, 0% used [0x00000000eff80000,0x00000000eff80000,0x00000000f0200000)
 ParOldGen       total 42496K, used 2683K [0x00000000c3c00000, 0x00000000c6580000, 0x00000000ebf00000)
  object space 42496K, 6% used [0x00000000c3c00000,0x00000000c3e9ed28,0x00000000c6580000)
 Metaspace       used 15337K, capacity 16442K, committed 16640K, reserved 1062912K
  class space    used 1948K, capacity 2185K, committed 2304K, reserved 1048576K
Event: 4,269 GC heap after
Heap after GC invocations=4 (full 0):
 PSYoungGen      total 66048K, used 2551K [0x00000000ebf00000, 0x00000000f0200000, 0x0000000100000000)
  eden space 63488K, 0% used [0x00000000ebf00000,0x00000000ebf00000,0x00000000efd00000)
  from space 2560K, 99% used [0x00000000eff80000,0x00000000f01fdfc8,0x00000000f0200000)
  to   space 2560K, 0% used [0x00000000efd00000,0x00000000efd00000,0x00000000eff80000)
 ParOldGen       total 42496K, used 5424K [0x00000000c3c00000, 0x00000000c6580000, 0x00000000ebf00000)
  object space 42496K, 12% used [0x00000000c3c00000,0x00000000c414c398,0x00000000c6580000)
 Metaspace       used 15337K, capacity 16442K, committed 16640K, reserved 1062912K
  class space    used 1948K, capacity 2185K, committed 2304K, reserved 1048576K
}
Event: 6,014 GC heap before
{Heap before GC invocations=5 (full 0):
 PSYoungGen      total 66048K, used 66039K [0x00000000ebf00000, 0x00000000f0200000, 0x0000000100000000)
  eden space 63488K, 100% used [0x00000000ebf00000,0x00000000efd00000,0x00000000efd00000)
  from space 2560K, 99% used [0x00000000eff80000,0x00000000f01fdfc8,0x00000000f0200000)
  to   space 2560K, 0% used [0x00000000efd00000,0x00000000efd00000,0x00000000eff80000)
 ParOldGen       total 42496K, used 5424K [0x00000000c3c00000, 0x00000000c6580000, 0x00000000ebf00000)
  object space 42496K, 12% used [0x00000000c3c00000,0x00000000c414c398,0x00000000c6580000)
 Metaspace       used 19524K, capacity 20808K, committed 20864K, reserved 1067008K
  class space    used 2660K, capacity 2930K, committed 2944K, reserved 1048576K
Event: 6,041 GC heap after
Heap after GC invocations=5 (full 0):
 PSYoungGen      total 66048K, used 2535K [0x00000000ebf00000, 0x00000000f4b00000, 0x0000000100000000)
  eden space 63488K, 0% used [0x00000000ebf00000,0x00000000ebf00000,0x00000000efd00000)
  from space 2560K, 99% used [0x00000000efd00000,0x00000000eff79fd8,0x00000000eff80000)
  to   space 8192K, 0% used [0x00000000f4300000,0x00000000f4300000,0x00000000f4b00000)
 ParOldGen       total 42496K, used 9963K [0x00000000c3c00000, 0x00000000c6580000, 0x00000000ebf00000)
  object space 42496K, 23% used [0x00000000c3c00000,0x00000000c45bac40,0x00000000c6580000)
 Metaspace       used 19524K, capacity 20808K, committed 20864K, reserved 1067008K
  class space    used 2660K, capacity 2930K, committed 2944K, reserved 1048576K
}
Event: 6,280 GC heap before
{Heap before GC invocations=6 (full 0):
 PSYoungGen      total 66048K, used 7689K [0x00000000ebf00000, 0x00000000f4b00000, 0x0000000100000000)
  eden space 63488K, 8% used [0x00000000ebf00000,0x00000000ec4084d8,0x00000000efd00000)
  from space 2560K, 99% used [0x00000000efd00000,0x00000000eff79fd8,0x00000000eff80000)
  to   space 8192K, 0% used [0x00000000f4300000,0x00000000f4300000,0x00000000f4b00000)
 ParOldGen       total 42496K, used 9963K [0x00000000c3c00000, 0x00000000c6580000, 0x00000000ebf00000)
  object space 42496K, 23% used [0x00000000c3c00000,0x00000000c45bac40,0x00000000c6580000)
 Metaspace       used 19875K, capacity 21110K, committed 21248K, reserved 1067008K
  class space    used 2715K, capacity 2979K, committed 3072K, reserved 1048576K
Event: 6,305 GC heap after
Heap after GC invocations=6 (full 0):
 PSYoungGen      total 134144K, used 3041K [0x00000000ebf00000, 0x00000000f4a00000, 0x0000000100000000)
  eden space 126976K, 0% used [0x00000000ebf00000,0x00000000ebf00000,0x00000000f3b00000)
  from space 7168K, 42% used [0x00000000f4300000,0x00000000f45f85f8,0x00000000f4a00000)
  to   space 7680K, 0% used [0x00000000f3b00000,0x00000000f3b00000,0x00000000f4280000)
 ParOldGen       total 42496K, used 9963K [0x00000000c3c00000, 0x00000000c6580000, 0x00000000ebf00000)
  object space 42496K, 23% used [0x00000000c3c00000,0x00000000c45bac40,0x00000000c6580000)
 Metaspace       used 19875K, capacity 21110K, committed 21248K, reserved 1067008K
  class space    used 2715K, capacity 2979K, committed 3072K, reserved 1048576K
}
Event: 6,305 GC heap before
{Heap before GC invocations=7 (full 1):
 PSYoungGen      total 134144K, used 3041K [0x00000000ebf00000, 0x00000000f4a00000, 0x0000000100000000)
  eden space 126976K, 0% used [0x00000000ebf00000,0x00000000ebf00000,0x00000000f3b00000)
  from space 7168K, 42% used [0x00000000f4300000,0x00000000f45f85f8,0x00000000f4a00000)
  to   space 7680K, 0% used [0x00000000f3b00000,0x00000000f3b00000,0x00000000f4280000)
 ParOldGen       total 42496K, used 9963K [0x00000000c3c00000, 0x00000000c6580000, 0x00000000ebf00000)
  object space 42496K, 23% used [0x00000000c3c00000,0x00000000c45bac40,0x00000000c6580000)
 Metaspace       used 19875K, capacity 21110K, committed 21248K, reserved 1067008K
  class space    used 2715K, capacity 2979K, committed 3072K, reserved 1048576K
Event: 6,413 GC heap after
Heap after GC invocations=7 (full 1):
 PSYoungGen      total 134144K, used 0K [0x00000000ebf00000, 0x00000000f4a00000, 0x0000000100000000)
  eden space 126976K, 0% used [0x00000000ebf00000,0x00000000ebf00000,0x00000000f3b00000)
  from space 7168K, 0% used [0x00000000f4300000,0x00000000f4300000,0x00000000f4a00000)
  to   space 7680K, 0% used [0x00000000f3b00000,0x00000000f3b00000,0x00000000f4280000)
 ParOldGen       total 38400K, used 12153K [0x00000000c3c00000, 0x00000000c6180000, 0x00000000ebf00000)
  object space 38400K, 31% used [0x00000000c3c00000,0x00000000c47de540,0x00000000c6180000)
 Metaspace       used 19875K, capacity 21110K, committed 21248K, reserved 1067008K
  class space    used 2715K, capacity 2979K, committed 3072K, reserved 1048576K
}
Event: 14,681 GC heap before
{Heap before GC invocations=8 (full 1):
 PSYoungGen      total 134144K, used 126976K [0x00000000ebf00000, 0x00000000f4a00000, 0x0000000100000000)
  eden space 126976K, 100% used [0x00000000ebf00000,0x00000000f3b00000,0x00000000f3b00000)
  from space 7168K, 0% used [0x00000000f4300000,0x00000000f4300000,0x00000000f4a00000)
  to   space 7680K, 0% used [0x00000000f3b00000,0x00000000f3b00000,0x00000000f4280000)
 ParOldGen       total 38400K, used 12153K [0x00000000c3c00000, 0x00000000c6180000, 0x00000000ebf00000)
  object space 38400K, 31% used [0x00000000c3c00000,0x00000000c47de540,0x00000000c6180000)
 Metaspace       used 26044K, capacity 27600K, committed 27648K, reserved 1073152K
  class space    used 3470K, capacity 3794K, committed 3840K, reserved 1048576K

